<?xml version="1.0" encoding="UTF-8"?>
<!-- Generated by org.testng.reporters.JUnitReportReporter -->
<testsuite skipped="0" hostname="DESKTOP-KJSBVNF" name="com.flipkart.search.SearchProduct" tests="1" failures="0" timestamp="18 Aug 2020 08:03:48 GMT" time="0.095" errors="0">
  <testcase name="searchproducttest" time="0.095" classname="com.flipkart.search.SearchProduct"/>
</testsuite> <!-- com.flipkart.search.SearchProduct -->
